<?xml version="1.0" encoding="UTF-8"?>
<!-- Generated by org.testng.reporters.JUnitReportReporter -->
<testsuite hostname="LAPTOP-1GSEJ22F" failures="0" tests="3" name="CyberSuccess1.LambdaTest_Automation.NewTest" time="0.011" errors="0" timestamp="2022-09-22T01:16:49 IST" skipped="0">
  <testcase classname="CyberSuccess1.LambdaTest_Automation.NewTest" name="f" time="0.007"/>
  <system-out/>
  <testcase classname="CyberSuccess1.LambdaTest_Automation.NewTest" name="g" time="0.002"/>
  <system-out/>
  <testcase classname="CyberSuccess1.LambdaTest_Automation.NewTest" name="h" time="0.002"/>
  <system-out/>
</testsuite> <!-- CyberSuccess1.LambdaTest_Automation.NewTest -->
